<?xml version="1.0" encoding="UTF-8" ?>
<testsuite errors="0" failures="0" hostname="MacBook-Air-Ivan-10.local" name="space.nerfthis.data.GeometryValidatorTest" skipped="0" tests="7" time="0.013" timestamp="2025-04-15T11:05:31">
  <properties>
    <property name="sun.boot.library.path.ivy.instance" value="/opt/homebrew/Cellar/openjdk/23.0.2/libexec/openjdk.jdk/Contents/Home/lib" />
    <property name="alt.jar.file" value="build/web-lab3-alt.jar" />
    <property name="java.specification.version" value="23" />
    <property name="java.specification.version.ivy.instance" value="23" />
    <property name="sun.cpu.endian.ivy.instance" value="little" />
    <property name="sun.arch.data.model" value="64" />
    <property name="ivy.home" value="/Users/xyligan4eg/.ant" />
    <property name="java.vendor.url" value="https://github.com/Homebrew/homebrew-core/issues" />
    <property name="java.version.ivy.instance" value="23.0.2" />
    <property name="ivy.default.conf.dir.ivy.instance" value="jar:file:/Users/xyligan4eg/.ant/lib/ivy.jar!/org/apache/ivy/core/settings" />
    <property name="ivy.conf.dir" value="jar:file:/Users/xyligan4eg/.ant/lib/ivy.jar!/org/apache/ivy/core/settings" />
    <property name="sun.boot.library.path" value="/opt/homebrew/Cellar/openjdk/23.0.2/libexec/openjdk.jdk/Contents/Home/lib" />
    <property name="os.version.ivy.instance" value="15.4" />
    <property name="sun.java.command" value="org.apache.tools.ant.launch.Launcher -cp  -lib /opt/homebrew/share/ant report" />
    <property name="user.dir.ivy.instance" value="/Users/xyligan4eg/Coding/CodingITMO/opi/3th" />
    <property name="sun.jnu.encoding.ivy.instance" value="UTF-8" />
    <property name="ivy.retrieve.pattern.ivy.instance" value="/Users/xyligan4eg/Coding/CodingITMO/opi/3th/lib/[artifact]-[revision](-[classifier]).[ext]" />
    <property name="ivy.revision" value="working@MacBook-Air-Ivan-10.local" />
    <property name="jdk.debug" value="release" />
    <property name="java.vendor.version.ivy.instance" value="Homebrew" />
    <property name="java.specification.vendor" value="Oracle Corporation" />
    <property name="web.dir" value="src/main/webapp" />
    <property name="file.separator.ivy.instance" value="/" />
    <property name="java.version.date" value="2025-01-21" />
    <property name="java.vm.version.ivy.instance" value="23.0.2" />
    <property name="java.home" value="/opt/homebrew/Cellar/openjdk/23.0.2/libexec/openjdk.jdk/Contents/Home" />
    <property name="basedir" value="/Users/xyligan4eg/Coding/CodingITMO/opi/3th" />
    <property name="ivy.jar.file" value="/Users/xyligan4eg/.ant/lib/ivy.jar" />
    <property name="java.vm.specification.vendor" value="Oracle Corporation" />
    <property name="java.specification.name" value="Java Platform API Specification" />
    <property name="user.timezone.ivy.instance" value="Europe/Moscow" />
    <property name="ivy.default.ivy.user.dir" value="/Users/xyligan4eg/.ant" />
    <property name="ivy.basedir.ivy.instance" value="/Users/xyligan4eg/Coding/CodingITMO/opi/3th" />
    <property name="ivy.resolve.default.type.filter.ivy.instance" value="*" />
    <property name="ivy.lib.dir.ivy.instance" value="/Users/xyligan4eg/Coding/CodingITMO/opi/3th/lib" />
    <property name="sun.management.compiler" value="HotSpot 64-Bit Tiered Compilers" />
    <property name="ivy.cache.dir" value="/Users/xyligan4eg/.ant/cache" />
    <property name="java.runtime.version" value="23.0.2" />
    <property name="java.runtime.name.ivy.instance" value="OpenJDK Runtime Environment" />
    <property name="socksNonProxyHosts.ivy.instance" value="local|*.local|169.254/16|*.169.254/16" />
    <property name="sun.io.unicode.encoding.ivy.instance" value="UnicodeBig" />
    <property name="basedir.ivy.instance" value="/Users/xyligan4eg/Coding/CodingITMO/opi/3th" />
    <property name="file.encoding" value="UTF-8" />
    <property name="ivy.dep.file" value="ivy.xml" />
    <property name="user.language.ivy.instance" value="ru" />
    <property name="os.name.ivy.instance" value="Mac OS X" />
    <property name="ivy.settings.file" value="ivysettings.xml" />
    <property name="java.vendor.version" value="Homebrew" />
    <property name="java.vm.specification.version.ivy.instance" value="23" />
    <property name="ivy.local.default.ivy.pattern" value="[organisation]/[module]/[revision]/[type]s/[artifact].[ext]" />
    <property name="java.vendor.url.ivy.instance" value="https://github.com/Homebrew/homebrew-core/issues" />
    <property name="line.separator.ivy.instance" value="&#xa;" />
    <property name="java.io.tmpdir" value="/var/folders/4t/6vvww29d21g0b6xskzd__9200000gn/T/" />
    <property name="java.version" value="23.0.2" />
    <property name="ivy.resolved.file" value="/Users/xyligan4eg/Coding/CodingITMO/opi/3th/ivy.xml" />
    <property name="java.vm.specification.name.ivy.instance" value="Java Virtual Machine Specification" />
    <property name="ivy.settings.dir.ivy.instance" value="jar:file:/Users/xyligan4eg/.ant/lib/ivy.jar!/org/apache/ivy/core/settings" />
    <property name="java.vm.specification.name" value="Java Virtual Machine Specification" />
    <property name="file.encoding.ivy.instance" value="UTF-8" />
    <property name="lib.dir" value="lib" />
    <property name="ivy.deliver.ivy.pattern" value="/Users/xyligan4eg/Coding/CodingITMO/opi/3th/distrib/[type]s/[artifact]-[revision](-[classifier]).[ext]" />
    <property name="ivy.status" value="integration" />
    <property name="native.encoding" value="UTF-8" />
    <property name="java.library.path" value="/Users/xyligan4eg/Library/Java/Extensions:/Library/Java/Extensions:/Network/Library/Java/Extensions:/System/Library/Java/Extensions:/usr/lib/java:." />
    <property name="java.vendor" value="Homebrew" />
    <property name="stderr.encoding" value="UTF-8" />
    <property name="manifest.file" value="build/MANIFEST.MF" />
    <property name="sun.arch.data.model.ivy.instance" value="64" />
    <property name="sun.io.unicode.encoding" value="UnicodeBig" />
    <property name="ivy.default.ivy.user.dir.ivy.instance" value="/Users/xyligan4eg/.ant" />
    <property name="ant.file.type" value="file" />
    <property name="ivy.parents.count" value="0" />
    <property name="ivy.configurations.ivy.instance" value="*" />
    <property name="test.src.dir" value="src/main/tests" />
    <property name="java.io.tmpdir.ivy.instance" value="/var/folders/4t/6vvww29d21g0b6xskzd__9200000gn/T/" />
    <property name="java.version.date.ivy.instance" value="2025-01-21" />
    <property name="test.build.dir" value="build/test-classes" />
    <property name="ivy.default.settings.dir.ivy.instance" value="jar:file:/Users/xyligan4eg/.ant/lib/ivy.jar!/org/apache/ivy/core/settings" />
    <property name="ivy.shared.default.root" value="/Users/xyligan4eg/.ant/shared" />
    <property name="ivy.shared.default.ivy.pattern" value="[organisation]/[module]/[revision]/[type]s/[artifact].[ext]" />
    <property name="ivy.shared.default.ivy.pattern.ivy.instance" value="[organisation]/[module]/[revision]/[type]s/[artifact].[ext]" />
    <property name="user.timezone" value="Europe/Moscow" />
    <property name="ivy.jar.dir" value="/Users/xyligan4eg/.ant/lib" />
    <property name="java.vm.specification.version" value="23" />
    <property name="os.name" value="Mac OS X" />
    <property name="ivy.deps.changed" value="false" />
    <property name="ivy.lib.dir" value="/Users/xyligan4eg/Coding/CodingITMO/opi/3th/lib" />
    <property name="http.nonProxyHosts" value="local|*.local|169.254/16|*.169.254/16" />
    <property name="alt.src.dir" value="build/alt-src" />
    <property name="PORT" value="2222" />
    <property name="apple.awt.application.name.ivy.instance" value="Launcher" />
    <property name="user.home" value="/Users/xyligan4eg" />
    <property name="sun.java.command.ivy.instance" value="org.apache.tools.ant.launch.Launcher -cp  -lib /opt/homebrew/share/ant report" />
    <property name="ivy.install.version" value="2.5.1" />
    <property name="java.class.path.ivy.instance" value="/opt/homebrew/Cellar/ant/1.10.15_1/libexec/lib/ant-launcher.jar:/opt/homebrew/share/ant:/Users/xyligan4eg/.ant/lib/ivy.jar:/opt/homebrew/Cellar/ant/1.10.15_1/libexec/lib/ant-commons-net.jar:/opt/homebrew/Cellar/ant/1.10.15_1/libexec/lib/ant-xz.jar:/opt/homebrew/Cellar/ant/1.10.15_1/libexec/lib/ant-junit4.jar:/opt/homebrew/Cellar/ant/1.10.15_1/libexec/lib/ant-jai.jar:/opt/homebrew/Cellar/ant/1.10.15_1/libexec/lib/ant-apache-resolver.jar:/opt/homebrew/Cellar/ant/1.10.15_1/libexec/lib/ant-jdepend.jar:/opt/homebrew/Cellar/ant/1.10.15_1/libexec/lib/ant-apache-regexp.jar:/opt/homebrew/Cellar/ant/1.10.15_1/libexec/lib/ant-apache-log4j.jar:/opt/homebrew/Cellar/ant/1.10.15_1/libexec/lib/ant-javamail.jar:/opt/homebrew/Cellar/ant/1.10.15_1/libexec/lib/ant-apache-bcel.jar:/opt/homebrew/Cellar/ant/1.10.15_1/libexec/lib/ant.jar:/opt/homebrew/Cellar/ant/1.10.15_1/libexec/lib/ant-netrexx.jar:/opt/homebrew/Cellar/ant/1.10.15_1/libexec/lib/ant-swing.jar:/opt/homebrew/Cellar/ant/1.10.15_1/libexec/lib/ant-jsch.jar:/opt/homebrew/Cellar/ant/1.10.15_1/libexec/lib/ant-junitlauncher.jar:/opt/homebrew/Cellar/ant/1.10.15_1/libexec/lib/ant-jakartamail.jar:/opt/homebrew/Cellar/ant/1.10.15_1/libexec/lib/ivy-2.5.3.jar:/opt/homebrew/Cellar/ant/1.10.15_1/libexec/lib/ant-junit.jar:/opt/homebrew/Cellar/ant/1.10.15_1/libexec/lib/ant-imageio.jar:/opt/homebrew/Cellar/ant/1.10.15_1/libexec/lib/ant-launcher.jar:/opt/homebrew/Cellar/ant/1.10.15_1/libexec/lib/ant-antlr.jar:/opt/homebrew/Cellar/ant/1.10.15_1/libexec/lib/ant-testutil.jar:/opt/homebrew/Cellar/ant/1.10.15_1/libexec/lib/ant-apache-oro.jar:/opt/homebrew/Cellar/ant/1.10.15_1/libexec/lib/bcel-6.10.0.jar:/opt/homebrew/Cellar/ant/1.10.15_1/libexec/lib/ant-jmf.jar:/opt/homebrew/Cellar/ant/1.10.15_1/libexec/lib/ant-apache-xalan2.jar:/opt/homebrew/Cellar/ant/1.10.15_1/libexec/lib/ant-apache-bsf.jar:/opt/homebrew/Cellar/ant/1.10.15_1/libexec/lib/ant-commons-logging.jar" />
    <property name="ivy.publish.src.artifacts.pattern.ivy.instance" value="/Users/xyligan4eg/Coding/CodingITMO/opi/3th/distrib/[type]s/[artifact]-[revision](-[classifier]).[ext]" />
    <property name="ivy.checksums" value="sha1,md5" />
    <property name="ivy.default.settings.dir" value="jar:file:/Users/xyligan4eg/.ant/lib/ivy.jar!/org/apache/ivy/core/settings" />
    <property name="mapping.file" value="alt.properties" />
    <property name="ivy.version" value="2.5.1" />
    <property name="java.vm.info.ivy.instance" value="mixed mode, sharing" />
    <property name="ivy.distrib.dir" value="/Users/xyligan4eg/Coding/CodingITMO/opi/3th/distrib" />
    <property name="ant.library.dir.ivy.instance" value="/opt/homebrew/Cellar/ant/1.10.15_1/libexec/lib" />
    <property name="ivy.settings.url.ivy.instance" value="jar:file:/Users/xyligan4eg/.ant/lib/ivy.jar!/org/apache/ivy/core/settings/ivysettings.xml" />
    <property name="ant.file" value="/Users/xyligan4eg/Coding/CodingITMO/opi/3th/build.xml" />
    <property name="ivy.project.dir" value="/Users/xyligan4eg/Coding/CodingITMO/opi/3th" />
    <property name="stdout.encoding" value="UTF-8" />
    <property name="path.separator" value=":" />
    <property name="os.version" value="15.4" />
    <property name="ftp.nonProxyHosts.ivy.instance" value="local|*.local|169.254/16|*.169.254/16" />
    <property name="jar.file" value="${dist.dir}/web-lab3.jar" />
    <property name="SERVER" value="helios.se.ifmo.ru" />
    <property name="ivy.default.always.check.exact.revision.ivy.instance" value="false" />
    <property name="java.vm.name" value="OpenJDK 64-Bit Server VM" />
    <property name="ivy.buildlist.ivyfilepath" value="ivy.xml" />
    <property name="ant.file.type.web-lab3" value="file" />
    <property name="os.arch" value="aarch64" />
    <property name="ivy.settings.dir.url.ivy.instance" value="jar:file:/Users/xyligan4eg/.ant/lib/ivy.jar!/org/apache/ivy/core/settings" />
    <property name="ivy.shared.default.root.ivy.instance" value="/Users/xyligan4eg/.ant/shared" />
    <property name="ivy.deliver.ivy.pattern.ivy.instance" value="/Users/xyligan4eg/Coding/CodingITMO/opi/3th/distrib/[type]s/[artifact]-[revision](-[classifier]).[ext]" />
    <property name="java.vm.info" value="mixed mode, sharing" />
    <property name="ivy.conf.dir.ivy.instance" value="jar:file:/Users/xyligan4eg/.ant/lib/ivy.jar!/org/apache/ivy/core/settings" />
    <property name="stdout.encoding.ivy.instance" value="UTF-8" />
    <property name="user.country.ivy.instance" value="RU" />
    <property name="java.class.version" value="67.0" />
    <property name="src.dir" value="src/main/java" />
    <property name="ant.project.default-target" value="run-all" />
    <property name="ant.library.dir" value="/opt/homebrew/Cellar/ant/1.10.15_1/libexec/lib" />
    <property name="ivy.cache.dir.ivy.instance" value="/Users/xyligan4eg/.ant/cache" />
    <property name="ant.project.name" value="web-lab3" />
    <property name="ant.file.web-lab3" value="/Users/xyligan4eg/Coding/CodingITMO/opi/3th/build.xml" />
    <property name="jdk.debug.ivy.instance" value="release" />
    <property name="sun.jnu.encoding" value="UTF-8" />
    <property name="java.specification.name.ivy.instance" value="Java Platform API Specification" />
    <property name="ivy.settings.file.ivy.instance" value="ivysettings.xml" />
    <property name="ivy.default.conf.dir" value="jar:file:/Users/xyligan4eg/.ant/lib/ivy.jar!/org/apache/ivy/core/settings" />
    <property name="java.runtime.version.ivy.instance" value="23.0.2" />
    <property name="java.vm.specification.vendor.ivy.instance" value="Oracle Corporation" />
    <property name="ivy.local.default.artifact.pattern.ivy.instance" value="[organisation]/[module]/[revision]/[type]s/[artifact].[ext]" />
    <property name="ivy.build.artifacts.dir.ivy.instance" value="/Users/xyligan4eg/Coding/CodingITMO/opi/3th/build/artifacts" />
    <property name="ivy.settings.dir" value="jar:file:/Users/xyligan4eg/.ant/lib/ivy.jar!/org/apache/ivy/core/settings" />
    <property name="sun.java.launcher.ivy.instance" value="SUN_STANDARD" />
    <property name="ivy.local.default.root.ivy.instance" value="/Users/xyligan4eg/.ant/local" />
    <property name="ivy.local.default.artifact.pattern" value="[organisation]/[module]/[revision]/[type]s/[artifact].[ext]" />
    <property name="java.class.version.ivy.instance" value="67.0" />
    <property name="ivy.resolve.default.type.filter" value="*" />
    <property name="ivy.cache.ttl.default.ivy.instance" value="10s" />
    <property name="sun.management.compiler.ivy.instance" value="HotSpot 64-Bit Tiered Compilers" />
    <property name="file.separator" value="/" />
    <property name="javadoc.dir" value="build/javadoc" />
    <property name="ivy.settings.dir.url" value="jar:file:/Users/xyligan4eg/.ant/lib/ivy.jar!/org/apache/ivy/core/settings" />
    <property name="java.vm.compressedOopsMode" value="Zero based" />
    <property name="line.separator" value="&#xa;" />
    <property name="ivy.dep.file.ivy.instance" value="ivy.xml" />
    <property name="ivy.organisation" value="apache" />
    <property name="PATH_ON_SERVER" value="lol" />
    <property name="ivy.buildlist.ivyfilepath.ivy.instance" value="ivy.xml" />
    <property name="java.vm.compressedOopsMode.ivy.instance" value="Zero based" />
    <property name="user.name" value="xyligan4eg" />
    <property name="ivy.publish.src.artifacts.pattern" value="/Users/xyligan4eg/Coding/CodingITMO/opi/3th/distrib/[type]s/[artifact]-[revision](-[classifier]).[ext]" />
    <property name="test.reports.dir" value="build/test-reports" />
    <property name="build.dir" value="build" />
    <property name="ant.home" value="/opt/homebrew/Cellar/ant/1.10.15_1/libexec" />
    <property name="ivy.module" value="hello-ivy" />
    <property name="ant.version" value="Apache Ant(TM) version 1.10.15 compiled on August 25 2024" />
    <property name="ivy.report.output.pattern" value="[organisation]-[module]-[conf].[ext]" />
    <property name="ivy.log.modules.in.use" value="false" />
    <property name="ivy.nb.targets.copied" value="0" />
    <property name="ivy.conf.url.ivy.instance" value="jar:file:/Users/xyligan4eg/.ant/lib/ivy.jar!/org/apache/ivy/core/settings/ivysettings.xml" />
    <property name="classes.dir" value="build/classes" />
    <property name="os.arch.ivy.instance" value="aarch64" />
    <property name="java.library.path.ivy.instance" value="/Users/xyligan4eg/Library/Java/Extensions:/Library/Java/Extensions:/Network/Library/Java/Extensions:/System/Library/Java/Extensions:/usr/lib/java:." />
    <property name="socksNonProxyHosts" value="local|*.local|169.254/16|*.169.254/16" />
    <property name="user.home.ivy.instance" value="/Users/xyligan4eg" />
    <property name="ivy.shared.default.artifact.pattern.ivy.instance" value="[organisation]/[module]/[revision]/[type]s/[artifact].[ext]" />
    <property name="java.vendor.url.bug.ivy.instance" value="https://github.com/Homebrew/homebrew-core/issues" />
    <property name="ivy.local.default.root" value="/Users/xyligan4eg/.ant/local" />
    <property name="java.class.path" value="/opt/homebrew/Cellar/ant/1.10.15_1/libexec/lib/ant-launcher.jar:/opt/homebrew/share/ant:/Users/xyligan4eg/.ant/lib/ivy.jar:/opt/homebrew/Cellar/ant/1.10.15_1/libexec/lib/ant-commons-net.jar:/opt/homebrew/Cellar/ant/1.10.15_1/libexec/lib/ant-xz.jar:/opt/homebrew/Cellar/ant/1.10.15_1/libexec/lib/ant-junit4.jar:/opt/homebrew/Cellar/ant/1.10.15_1/libexec/lib/ant-jai.jar:/opt/homebrew/Cellar/ant/1.10.15_1/libexec/lib/ant-apache-resolver.jar:/opt/homebrew/Cellar/ant/1.10.15_1/libexec/lib/ant-jdepend.jar:/opt/homebrew/Cellar/ant/1.10.15_1/libexec/lib/ant-apache-regexp.jar:/opt/homebrew/Cellar/ant/1.10.15_1/libexec/lib/ant-apache-log4j.jar:/opt/homebrew/Cellar/ant/1.10.15_1/libexec/lib/ant-javamail.jar:/opt/homebrew/Cellar/ant/1.10.15_1/libexec/lib/ant-apache-bcel.jar:/opt/homebrew/Cellar/ant/1.10.15_1/libexec/lib/ant.jar:/opt/homebrew/Cellar/ant/1.10.15_1/libexec/lib/ant-netrexx.jar:/opt/homebrew/Cellar/ant/1.10.15_1/libexec/lib/ant-swing.jar:/opt/homebrew/Cellar/ant/1.10.15_1/libexec/lib/ant-jsch.jar:/opt/homebrew/Cellar/ant/1.10.15_1/libexec/lib/ant-junitlauncher.jar:/opt/homebrew/Cellar/ant/1.10.15_1/libexec/lib/ant-jakartamail.jar:/opt/homebrew/Cellar/ant/1.10.15_1/libexec/lib/ivy-2.5.3.jar:/opt/homebrew/Cellar/ant/1.10.15_1/libexec/lib/ant-junit.jar:/opt/homebrew/Cellar/ant/1.10.15_1/libexec/lib/ant-imageio.jar:/opt/homebrew/Cellar/ant/1.10.15_1/libexec/lib/ant-launcher.jar:/opt/homebrew/Cellar/ant/1.10.15_1/libexec/lib/ant-antlr.jar:/opt/homebrew/Cellar/ant/1.10.15_1/libexec/lib/ant-testutil.jar:/opt/homebrew/Cellar/ant/1.10.15_1/libexec/lib/ant-apache-oro.jar:/opt/homebrew/Cellar/ant/1.10.15_1/libexec/lib/bcel-6.10.0.jar:/opt/homebrew/Cellar/ant/1.10.15_1/libexec/lib/ant-jmf.jar:/opt/homebrew/Cellar/ant/1.10.15_1/libexec/lib/ant-apache-xalan2.jar:/opt/homebrew/Cellar/ant/1.10.15_1/libexec/lib/ant-apache-bsf.jar:/opt/homebrew/Cellar/ant/1.10.15_1/libexec/lib/ant-commons-logging.jar" />
    <property name="java.vm.vendor" value="Homebrew" />
    <property name="java.vendor.ivy.instance" value="Homebrew" />
    <property name="stderr.encoding.ivy.instance" value="UTF-8" />
    <property name="ivy.project.dir.ivy.instance" value="/Users/xyligan4eg/Coding/CodingITMO/opi/3th" />
    <property name="ivy.status.ivy.instance" value="integration" />
    <property name="sun.java.launcher" value="SUN_STANDARD" />
    <property name="user.country" value="RU" />
    <property name="ivy.retrieve.pattern" value="/Users/xyligan4eg/Coding/CodingITMO/opi/3th/lib/[artifact]-[revision](-[classifier]).[ext]" />
    <property name="sun.cpu.endian" value="little" />
    <property name="ivy.checksums.ivy.instance" value="sha1,md5" />
    <property name="user.language" value="ru" />
    <property name="ivy.home.ivy.instance" value="/Users/xyligan4eg/.ant" />
    <property name="user.name.ivy.instance" value="xyligan4eg" />
    <property name="native.encoding.ivy.instance" value="UTF-8" />
    <property name="ant.java.version" value="23" />
    <property name="PASSWORD" value="U3fzBVmZkX" />
    <property name="ivy.basedir" value="/Users/xyligan4eg/Coding/CodingITMO/opi/3th" />
    <property name="http.nonProxyHosts.ivy.instance" value="local|*.local|169.254/16|*.169.254/16" />
    <property name="java.vm.vendor.ivy.instance" value="Homebrew" />
    <property name="ant.home.ivy.instance" value="/opt/homebrew/Cellar/ant/1.10.15_1/libexec" />
    <property name="ivy.cache.ttl.default" value="10s" />
    <property name="apple.awt.application.name" value="Launcher" />
    <property name="java.vm.name.ivy.instance" value="OpenJDK 64-Bit Server VM" />
    <property name="ivy.resolver.default.check.modified.ivy.instance" value="false" />
    <property name="java.specification.vendor.ivy.instance" value="Oracle Corporation" />
    <property name="ivy.configurations" value="*" />
    <property name="ftp.nonProxyHosts" value="local|*.local|169.254/16|*.169.254/16" />
    <property name="ivy.default.always.check.exact.revision" value="false" />
    <property name="java.runtime.name" value="OpenJDK Runtime Environment" />
    <property name="ivy.distrib.dir.ivy.instance" value="/Users/xyligan4eg/Coding/CodingITMO/opi/3th/distrib" />
    <property name="ant.project.invoked-targets" value="report" />
    <property name="ant.core.lib" value="/opt/homebrew/Cellar/ant/1.10.15_1/libexec/lib/ant.jar" />
    <property name="java.vendor.url.bug" value="https://github.com/Homebrew/homebrew-core/issues" />
    <property name="user.dir" value="/Users/xyligan4eg/Coding/CodingITMO/opi/3th" />
    <property name="path.separator.ivy.instance" value=":" />
    <property name="USER" value="s408614" />
    <property name="ivy.local.default.ivy.pattern.ivy.instance" value="[organisation]/[module]/[revision]/[type]s/[artifact].[ext]" />
    <property name="ivy.report.output.pattern.ivy.instance" value="[organisation]-[module]-[conf].[ext]" />
    <property name="checksums.dir" value="build/checksums" />
    <property name="java.vm.version" value="23.0.2" />
    <property name="ivy.targets.copied" value="false" />
    <property name="ivy.log.modules.in.use.ivy.instance" value="false" />
    <property name="ivy.resolver.default.check.modified" value="false" />
    <property name="java.home.ivy.instance" value="/opt/homebrew/Cellar/openjdk/23.0.2/libexec/openjdk.jdk/Contents/Home" />
    <property name="ivy.settings.url" value="jar:file:/Users/xyligan4eg/.ant/lib/ivy.jar!/org/apache/ivy/core/settings/ivysettings.xml" />
    <property name="ivy.shared.default.artifact.pattern" value="[organisation]/[module]/[revision]/[type]s/[artifact].[ext]" />
    <property name="ivy.build.artifacts.dir" value="/Users/xyligan4eg/Coding/CodingITMO/opi/3th/build/artifacts" />
    <property name="ivy.resolved.configurations" value="default" />
    <property name="ivy.conf.url" value="jar:file:/Users/xyligan4eg/.ant/lib/ivy.jar!/org/apache/ivy/core/settings/ivysettings.xml" />
  </properties>
  <testcase classname="space.nerfthis.data.GeometryValidatorTest" name="testOnRectangleEdge" time="0.001" />
  <testcase classname="space.nerfthis.data.GeometryValidatorTest" name="testInsideTriangle" time="0.0" />
  <testcase classname="space.nerfthis.data.GeometryValidatorTest" name="testOnCircleEdge" time="0.0" />
  <testcase classname="space.nerfthis.data.GeometryValidatorTest" name="testInsideCircle" time="0.0" />
  <testcase classname="space.nerfthis.data.GeometryValidatorTest" name="testOnTriangleEdge" time="0.0" />
  <testcase classname="space.nerfthis.data.GeometryValidatorTest" name="testOutsideCircle" time="0.0" />
  <testcase classname="space.nerfthis.data.GeometryValidatorTest" name="testInsideRectangle" time="0.0" />
  <system-out><![CDATA[]]></system-out>
  <system-err><![CDATA[]]></system-err>
</testsuite>
